# JRE version: Java(TM) SE Runtime Environment (19.0.2+7) (build 19.0.2+7-44)
# Java VM: Java HotSpot(TM) 64-Bit Server VM (19.0.2+7-44, mixed mode, sharing, tiered, compressed oops, compressed class ptrs, g1 gc, windows-amd64)
GC Precious Log:
 CardTable entry size: 512
 Card Set container configuration: InlinePtr #cards 5 size 8 Array Of Cards #cards 12 size 40 Howl #buckets 4 coarsen threshold 1843 Howl Bitmap #cards 512 size 80 coarsen threshold 460 Card regions per heap region 1 cards per card region 2048
 CPUs: 4 total, 4 available
 Memory: 3927M
 Large Page Support: Disabled
 NUMA Support: Disabled
 Compressed Oops: Enabled (32-bit)
 Heap Region Size: 1M
 Heap Min Capacity: 8M
 Heap Initial Capacity: 62M
 Heap Max Capacity: 982M
 Pre-touch: Disabled
 Parallel Workers: 4
 Concurrent Workers: 1
 Concurrent Refinement Workers: 4
 Periodic GC: Disabled
Heap:
 garbage-first heap   total 81920K, used 38439K [0x00000000c2a00000, 0x0000000100000000)
  region size 1024K, 1 young (1024K), 1 survivors (1024K)
 Metaspace       used 76212K, committed 76864K, reserved 1179648K
  class space    used 9997K, committed 10304K, reserved 1048576K
GC Heap History (20 events):
Event: 20.274 GC heap after
{Heap after GC invocations=20 (full 0):
 garbage-first heap   total 61440K, used 29315K [0x00000000c2a00000, 0x0000000100000000)
  region size 1024K, 1 young (1024K), 1 survivors (1024K)
 Metaspace       used 59594K, committed 60160K, reserved 1114112K
  class space    used 7465K, committed 7744K, reserved 1048576K
}
Event: 21.915 GC heap before
{Heap before GC invocations=21 (full 0):
 garbage-first heap   total 61440K, used 48771K [0x00000000c2a00000, 0x0000000100000000)
  region size 1024K, 21 young (21504K), 1 survivors (1024K)
 Metaspace       used 64978K, committed 65600K, reserved 1114112K
  class space    used 8392K, committed 8704K, reserved 1048576K
}
Event: 21.919 GC heap after
{Heap after GC invocations=22 (full 0):
 garbage-first heap   total 61440K, used 30113K [0x00000000c2a00000, 0x0000000100000000)
  region size 1024K, 2 young (2048K), 2 survivors (2048K)
 Metaspace       used 64978K, committed 65600K, reserved 1114112K
  class space    used 8392K, committed 8704K, reserved 1048576K
}
Event: 21.953 GC heap before
{Heap before GC invocations=22 (full 0):
 garbage-first heap   total 61440K, used 31137K [0x00000000c2a00000, 0x0000000100000000)
  region size 1024K, 3 young (3072K), 2 survivors (2048K)
 Metaspace       used 65143K, committed 65728K, reserved 1114112K
  class space    used 8407K, committed 8704K, reserved 1048576K
}
Event: 21.963 GC heap after
{Heap after GC invocations=23 (full 0):
 garbage-first heap   total 61440K, used 30014K [0x00000000c2a00000, 0x0000000100000000)
  region size 1024K, 1 young (1024K), 1 survivors (1024K)
 Metaspace       used 65143K, committed 65728K, reserved 1114112K
  class space    used 8407K, committed 8704K, reserved 1048576K
}
Event: 25.668 GC heap before
{Heap before GC invocations=23 (full 0):
 garbage-first heap   total 61440K, used 50494K [0x00000000c2a00000, 0x0000000100000000)
  region size 1024K, 21 young (21504K), 1 survivors (1024K)
 Metaspace       used 66104K, committed 66688K, reserved 1114112K
  class space    used 8485K, committed 8768K, reserved 1048576K
}
Event: 25.671 GC heap after
{Heap after GC invocations=24 (full 0):
 garbage-first heap   total 61440K, used 30331K [0x00000000c2a00000, 0x0000000100000000)
  region size 1024K, 1 young (1024K), 1 survivors (1024K)
 Metaspace       used 66104K, committed 66688K, reserved 1114112K
  class space    used 8485K, committed 8768K, reserved 1048576K
}
Event: 29.740 GC heap before
{Heap before GC invocations=25 (full 0):
 garbage-first heap   total 61440K, used 50811K [0x00000000c2a00000, 0x0000000100000000)
  region size 1024K, 21 young (21504K), 1 survivors (1024K)
 Metaspace       used 69798K, committed 70464K, reserved 1114112K
  class space    used 9046K, committed 9344K, reserved 1048576K
}
Event: 29.752 GC heap after
{Heap after GC invocations=26 (full 0):
 garbage-first heap   total 61440K, used 31356K [0x00000000c2a00000, 0x0000000100000000)
  region size 1024K, 2 young (2048K), 2 survivors (2048K)
 Metaspace       used 69798K, committed 70464K, reserved 1114112K
  class space    used 9046K, committed 9344K, reserved 1048576K
}
Event: 29.948 GC heap before
{Heap before GC invocations=26 (full 0):
 garbage-first heap   total 61440K, used 32380K [0x00000000c2a00000, 0x0000000100000000)
  region size 1024K, 3 young (3072K), 2 survivors (2048K)
 Metaspace       used 70028K, committed 70720K, reserved 1114112K
  class space    used 9076K, committed 9408K, reserved 1048576K
}
Event: 29.969 GC heap after
{Heap after GC invocations=27 (full 0):
 garbage-first heap   total 61440K, used 31204K [0x00000000c2a00000, 0x0000000100000000)
  region size 1024K, 1 young (1024K), 1 survivors (1024K)
 Metaspace       used 70028K, committed 70720K, reserved 1114112K
  class space    used 9076K, committed 9408K, reserved 1048576K
}
Event: 40.257 GC heap before
{Heap before GC invocations=27 (full 0):
 garbage-first heap   total 61440K, used 48612K [0x00000000c2a00000, 0x0000000100000000)
  region size 1024K, 19 young (19456K), 1 survivors (1024K)
 Metaspace       used 72622K, committed 73344K, reserved 1114112K
  class space    used 9348K, committed 9664K, reserved 1048576K
}
Event: 40.260 GC heap after
{Heap after GC invocations=28 (full 0):
 garbage-first heap   total 61440K, used 32584K [0x00000000c2a00000, 0x0000000100000000)
  region size 1024K, 2 young (2048K), 2 survivors (2048K)
 Metaspace       used 72622K, committed 73344K, reserved 1114112K
  class space    used 9348K, committed 9664K, reserved 1048576K
}
Event: 41.033 GC heap before
{Heap before GC invocations=28 (full 0):
 garbage-first heap   total 61440K, used 49992K [0x00000000c2a00000, 0x0000000100000000)
  region size 1024K, 19 young (19456K), 2 survivors (2048K)
 Metaspace       used 75086K, committed 75712K, reserved 1179648K
  class space    used 9776K, committed 10048K, reserved 1048576K
}
Event: 41.044 GC heap after
{Heap after GC invocations=29 (full 0):
 garbage-first heap   total 61440K, used 34111K [0x00000000c2a00000, 0x0000000100000000)
  region size 1024K, 2 young (2048K), 2 survivors (2048K)
 Metaspace       used 75086K, committed 75712K, reserved 1179648K
  class space    used 9776K, committed 10048K, reserved 1048576K
}
Event: 41.225 GC heap before
{Heap before GC invocations=29 (full 0):
 garbage-first heap   total 61440K, used 50495K [0x00000000c2a00000, 0x0000000100000000)
  region size 1024K, 18 young (18432K), 2 survivors (2048K)
 Metaspace       used 75117K, committed 75712K, reserved 1179648K
  class space    used 9777K, committed 10048K, reserved 1048576K
}
Event: 41.240 GC heap after
{Heap after GC invocations=30 (full 0):
 garbage-first heap   total 61440K, used 37355K [0x00000000c2a00000, 0x0000000100000000)
  region size 1024K, 3 young (3072K), 3 survivors (3072K)
 Metaspace       used 75117K, committed 75712K, reserved 1179648K
  class space    used 9777K, committed 10048K, reserved 1048576K
}
Event: 41.438 GC heap before
{Heap before GC invocations=31 (full 0):
 garbage-first heap   total 81920K, used 48619K [0x00000000c2a00000, 0x0000000100000000)
  region size 1024K, 15 young (15360K), 3 survivors (3072K)
 Metaspace       used 75546K, committed 76160K, reserved 1179648K
  class space    used 9827K, committed 10112K, reserved 1048576K
}
Event: 41.451 GC heap after
{Heap after GC invocations=32 (full 0):
 garbage-first heap   total 81920K, used 38385K [0x00000000c2a00000, 0x0000000100000000)
  region size 1024K, 1 young (1024K), 1 survivors (1024K)
 Metaspace       used 75546K, committed 76160K, reserved 1179648K
  class space    used 9827K, committed 10112K, reserved 1048576K
}
Event: 41.570 GC heap before
{Heap before GC invocations=32 (full 0):
 garbage-first heap   total 81920K, used 41457K [0x00000000c2a00000, 0x0000000100000000)
  region size 1024K, 4 young (4096K), 1 survivors (1024K)
 Metaspace       used 76212K, committed 76864K, reserved 1179648K
  class space    used 9997K, committed 10304K, reserved 1048576K
}

