# JRE version: Java(TM) SE Runtime Environment (19.0.2+7) (build 19.0.2+7-44)
# Java VM: Java HotSpot(TM) 64-Bit Server VM (19.0.2+7-44, mixed mode, sharing, tiered, compressed oops, compressed class ptrs, g1 gc, windows-amd64)
GC Precious Log:
 CardTable entry size: 512
 Card Set container configuration: InlinePtr #cards 5 size 8 Array Of Cards #cards 12 size 40 Howl #buckets 4 coarsen threshold 1843 Howl Bitmap #cards 512 size 80 coarsen threshold 460 Card regions per heap region 1 cards per card region 2048
 CPUs: 4 total, 4 available
 Memory: 3927M
 Large Page Support: Disabled
 NUMA Support: Disabled
 Compressed Oops: Enabled (32-bit)
 Heap Region Size: 1M
 Heap Min Capacity: 8M
 Heap Initial Capacity: 62M
 Heap Max Capacity: 982M
 Pre-touch: Disabled
 Parallel Workers: 4
 Concurrent Workers: 1
 Concurrent Refinement Workers: 4
 Periodic GC: Disabled
Heap:
 garbage-first heap   total 111616K, used 53191K [0x00000000c2a00000, 0x0000000100000000)
  region size 1024K, 1 young (1024K), 1 survivors (1024K)
 Metaspace       used 85941K, committed 86720K, reserved 1179648K
  class space    used 11455K, committed 11840K, reserved 1048576K
GC Heap History (20 events):
Event: 27.489 GC heap after
{Heap after GC invocations=23 (full 0):
 garbage-first heap   total 109568K, used 40124K [0x00000000c2a00000, 0x0000000100000000)
  region size 1024K, 4 young (4096K), 4 survivors (4096K)
 Metaspace       used 75833K, committed 76544K, reserved 1179648K
  class space    used 10098K, committed 10432K, reserved 1048576K
}
Event: 27.734 GC heap before
{Heap before GC invocations=23 (full 0):
 garbage-first heap   total 109568K, used 87228K [0x00000000c2a00000, 0x0000000100000000)
  region size 1024K, 50 young (51200K), 4 survivors (4096K)
 Metaspace       used 75833K, committed 76544K, reserved 1179648K
  class space    used 10098K, committed 10432K, reserved 1048576K
}
Event: 27.764 GC heap after
{Heap after GC invocations=24 (full 0):
 garbage-first heap   total 109568K, used 54021K [0x00000000c2a00000, 0x0000000100000000)
  region size 1024K, 7 young (7168K), 7 survivors (7168K)
 Metaspace       used 75833K, committed 76544K, reserved 1179648K
  class space    used 10098K, committed 10432K, reserved 1048576K
}
Event: 28.014 GC heap before
{Heap before GC invocations=24 (full 0):
 garbage-first heap   total 109568K, used 82693K [0x00000000c2a00000, 0x0000000100000000)
  region size 1024K, 36 young (36864K), 7 survivors (7168K)
 Metaspace       used 77795K, committed 78464K, reserved 1179648K
  class space    used 10372K, committed 10688K, reserved 1048576K
}
Event: 28.026 GC heap after
{Heap after GC invocations=25 (full 0):
 garbage-first heap   total 109568K, used 56959K [0x00000000c2a00000, 0x0000000100000000)
  region size 1024K, 3 young (3072K), 3 survivors (3072K)
 Metaspace       used 77795K, committed 78464K, reserved 1179648K
  class space    used 10372K, committed 10688K, reserved 1048576K
}
Event: 28.613 GC heap before
{Heap before GC invocations=26 (full 0):
 garbage-first heap   total 111616K, used 84607K [0x00000000c2a00000, 0x0000000100000000)
  region size 1024K, 30 young (30720K), 3 survivors (3072K)
 Metaspace       used 78257K, committed 78912K, reserved 1179648K
  class space    used 10433K, committed 10752K, reserved 1048576K
}
Event: 28.617 GC heap after
{Heap after GC invocations=27 (full 0):
 garbage-first heap   total 111616K, used 57672K [0x00000000c2a00000, 0x0000000100000000)
  region size 1024K, 3 young (3072K), 3 survivors (3072K)
 Metaspace       used 78257K, committed 78912K, reserved 1179648K
  class space    used 10433K, committed 10752K, reserved 1048576K
}
Event: 28.624 GC heap before
{Heap before GC invocations=27 (full 0):
 garbage-first heap   total 111616K, used 59720K [0x00000000c2a00000, 0x0000000100000000)
  region size 1024K, 5 young (5120K), 3 survivors (3072K)
 Metaspace       used 78257K, committed 78912K, reserved 1179648K
  class space    used 10433K, committed 10752K, reserved 1048576K
}
Event: 28.630 GC heap after
{Heap after GC invocations=28 (full 0):
 garbage-first heap   total 111616K, used 57830K [0x00000000c2a00000, 0x0000000100000000)
  region size 1024K, 1 young (1024K), 1 survivors (1024K)
 Metaspace       used 78257K, committed 78912K, reserved 1179648K
  class space    used 10433K, committed 10752K, reserved 1048576K
}
Event: 28.964 GC heap before
{Heap before GC invocations=28 (full 0):
 garbage-first heap   total 111616K, used 88550K [0x00000000c2a00000, 0x0000000100000000)
  region size 1024K, 31 young (31744K), 1 survivors (1024K)
 Metaspace       used 78343K, committed 79040K, reserved 1179648K
  class space    used 10465K, committed 10816K, reserved 1048576K
}
Event: 28.966 GC heap after
{Heap after GC invocations=29 (full 0):
 garbage-first heap   total 111616K, used 58615K [0x00000000c2a00000, 0x0000000100000000)
  region size 1024K, 2 young (2048K), 2 survivors (2048K)
 Metaspace       used 78343K, committed 79040K, reserved 1179648K
  class space    used 10465K, committed 10816K, reserved 1048576K
}
Event: 29.576 GC heap before
{Heap before GC invocations=29 (full 0):
 garbage-first heap   total 111616K, used 89335K [0x00000000c2a00000, 0x0000000100000000)
  region size 1024K, 32 young (32768K), 2 survivors (2048K)
 Metaspace       used 80158K, committed 80896K, reserved 1179648K
  class space    used 10667K, committed 11008K, reserved 1048576K
}
Event: 29.581 GC heap after
{Heap after GC invocations=30 (full 0):
 garbage-first heap   total 111616K, used 60567K [0x00000000c2a00000, 0x0000000100000000)
  region size 1024K, 4 young (4096K), 4 survivors (4096K)
 Metaspace       used 80158K, committed 80896K, reserved 1179648K
  class space    used 10667K, committed 11008K, reserved 1048576K
}
Event: 30.138 GC heap before
{Heap before GC invocations=30 (full 0):
 garbage-first heap   total 111616K, used 90263K [0x00000000c2a00000, 0x0000000100000000)
  region size 1024K, 33 young (33792K), 4 survivors (4096K)
 Metaspace       used 81284K, committed 81984K, reserved 1179648K
  class space    used 10789K, committed 11136K, reserved 1048576K
}
Event: 30.146 GC heap after
{Heap after GC invocations=31 (full 0):
 garbage-first heap   total 111616K, used 62541K [0x00000000c2a00000, 0x0000000100000000)
  region size 1024K, 4 young (4096K), 4 survivors (4096K)
 Metaspace       used 81284K, committed 81984K, reserved 1179648K
  class space    used 10789K, committed 11136K, reserved 1048576K
}
Event: 30.836 GC heap before
{Heap before GC invocations=31 (full 0):
 garbage-first heap   total 111616K, used 91213K [0x00000000c2a00000, 0x0000000100000000)
  region size 1024K, 32 young (32768K), 4 survivors (4096K)
 Metaspace       used 83906K, committed 84672K, reserved 1179648K
  class space    used 11165K, committed 11520K, reserved 1048576K
}
Event: 30.847 GC heap after
{Heap after GC invocations=32 (full 0):
 garbage-first heap   total 111616K, used 64668K [0x00000000c2a00000, 0x0000000100000000)
  region size 1024K, 4 young (4096K), 4 survivors (4096K)
 Metaspace       used 83906K, committed 84672K, reserved 1179648K
  class space    used 11165K, committed 11520K, reserved 1048576K
}
Event: 31.578 GC heap before
{Heap before GC invocations=33 (full 0):
 garbage-first heap   total 111616K, used 84124K [0x00000000c2a00000, 0x0000000100000000)
  region size 1024K, 31 young (31744K), 4 survivors (4096K)
 Metaspace       used 85850K, committed 86592K, reserved 1179648K
  class space    used 11440K, committed 11776K, reserved 1048576K
}
Event: 31.590 GC heap after
{Heap after GC invocations=34 (full 0):
 garbage-first heap   total 111616K, used 58846K [0x00000000c2a00000, 0x0000000100000000)
  region size 1024K, 3 young (3072K), 3 survivors (3072K)
 Metaspace       used 85850K, committed 86592K, reserved 1179648K
  class space    used 11440K, committed 11776K, reserved 1048576K
}
Event: 31.632 GC heap before
{Heap before GC invocations=34 (full 0):
 garbage-first heap   total 111616K, used 60894K [0x00000000c2a00000, 0x0000000100000000)
  region size 1024K, 5 young (5120K), 3 survivors (3072K)
 Metaspace       used 85941K, committed 86720K, reserved 1179648K
  class space    used 11455K, committed 11840K, reserved 1048576K
}

